<?xml version="1.0" encoding="UTF-8"?>
<!-- Generated by org.testng.reporters.JUnitReportReporter -->
<testsuite skipped="0" hostname="ASDW0048" name="testngprogram.TatocTest" tests="13" failures="0" timestamp="22 Jun 2018 08:55:55 GMT" time="6.256" errors="0">
  <testcase name="gridGateRed" time="0.170" classname="testngprogram.TatocTest"/>
  <testcase name="gridGateGreen" time="0.296" classname="testngprogram.TatocTest"/>
  <testcase name="differentBoxes" time="0.263" classname="testngprogram.TatocTest"/>
  <testcase name="sameBoxes" time="1.018" classname="testngprogram.TatocTest"/>
  <testcase name="noDrag" time="0.137" classname="testngprogram.TatocTest"/>
  <testcase name="dragCorrect" time="0.401" classname="testngprogram.TatocTest"/>
  <testcase name="popUpNotOpen" time="0.133" classname="testngprogram.TatocTest"/>
  <testcase name="emptySubmitPopUp" time="1.419" classname="testngprogram.TatocTest"/>
  <testcase name="textSubmitPopUp" time="1.466" classname="testngprogram.TatocTest"/>
  <testcase name="noTokenGenerateNotAddCookie" time="0.137" classname="testngprogram.TatocTest"/>
  <testcase name="tokenGenerateNotAddCookie" time="0.271" classname="testngprogram.TatocTest"/>
  <testcase name="tokenGenerateAddWrongCookie" time="0.278" classname="testngprogram.TatocTest"/>
  <testcase name="TokenGenerateAddCorrectCookie" time="0.267" classname="testngprogram.TatocTest"/>
</testsuite> <!-- testngprogram.TatocTest -->
